<?xml version="1.0" encoding="UTF-8"?>
<!-- Generated by org.testng.reporters.JUnitXMLReporter -->
<testsuite hostname="DESKTOP-2S7M9HQ" ignored="0" name="Command line test" tests="2" failures="0" timestamp="2020-07-26T18:32:33 IST" time="0.121" errors="0">
  <testcase name="@BeforeClass commonSetUp" time="-1.595768553383E9" classname="com.PracticeTestClasses.TestClasses.Base.BaseTest">
    <failure type="org.testng.TestNGException" message="
Parameter &amp;apos;browser&amp;apos; is required by BeforeClass on method commonSetUp but has not been marked @Optional or defined
">
      <![CDATA[org.testng.TestNGException: 
Parameter 'browser' is required by BeforeClass on method commonSetUp but has not been marked @Optional or defined

at java.util.ArrayList.forEach(ArrayList.java:1257)
... Removed 32 stack frames]]>
    </failure>
  </testcase> <!-- @BeforeClass commonSetUp -->
  <testcase name="@BeforeClass setUp" time="-1.595768553413E9" classname="com.PracticeTestClasses.TestClasses.AllCoursesTest">
    <skipped/>
  </testcase> <!-- @BeforeClass setUp -->
  <testcase name="@BeforeMethod methodSetUp" time="-1.595768553448E9" classname="com.PracticeTestClasses.TestClasses.Base.BaseTest">
    <skipped/>
  </testcase> <!-- @BeforeMethod methodSetUp -->
  <testcase name="@BeforeMethod methodSetUp" time="-1.595768553453E9" classname="com.PracticeTestClasses.TestClasses.Base.BaseTest">
    <skipped/>
  </testcase> <!-- @BeforeMethod methodSetUp -->
  <testcase name="@AfterClass tearDown" time="-1.595768553455E9" classname="com.PracticeTestClasses.TestClasses.Base.BaseTest">
    <skipped/>
  </testcase> <!-- @AfterClass tearDown -->
  <testcase name="filterByCategory" time="0.0" classname="com.PracticeTestClasses.TestClasses.AllCoursesTest">
    <skipped/>
  </testcase> <!-- filterByCategory -->
  <testcase name="verifySearchCourse" time="0.0" classname="com.PracticeTestClasses.TestClasses.AllCoursesTest">
    <skipped/>
  </testcase> <!-- verifySearchCourse -->
</testsuite> <!-- Command line test -->
